<?xml version="1.0" encoding="UTF-8"?>
<!-- Generated by org.testng.reporters.JUnitReportReporter -->
<testsuite hostname="DESKTOP-D29FH98" failures="0" tests="1" name="testCases.TC_001_AccountRegistrationTest" time="9.220" errors="0" timestamp="2023-08-19T18:00:05 IST" skipped="0">
  <testcase classname="testCases.TC_001_AccountRegistrationTest" name="test_account_Registration" time="9.220"/>
</testsuite> <!-- testCases.TC_001_AccountRegistrationTest -->
