<?xml version="1.0" encoding="UTF-8"?>
<!-- Generated by org.testng.reporters.JUnitReportReporter -->
<testsuite hostname="DESKTOP-D29FH98" failures="0" tests="5" name="testCases.TC_003_LoginDDT" time="50.519" errors="0" timestamp="2023-08-26T12:21:03 IST" skipped="0">
  <testcase classname="testCases.TC_003_LoginDDT" name="test_LoginDDT" time="9.248"/>
  <testcase classname="testCases.TC_003_LoginDDT" name="test_LoginDDT" time="12.998"/>
  <testcase classname="testCases.TC_003_LoginDDT" name="test_LoginDDT" time="11.737"/>
  <testcase classname="testCases.TC_003_LoginDDT" name="test_LoginDDT" time="2.931"/>
  <testcase classname="testCases.TC_003_LoginDDT" name="test_LoginDDT" time="13.605"/>
</testsuite> <!-- testCases.TC_003_LoginDDT -->
